
========================[ Apr 20, 2015 10:44 AM ]========================
Version 2.2.26 [Sep-21-2011]
Started database file "tmp.dat"
Closing volume tmp.dat with 303645 sequences, 3,999,896,659 letters(.nsq file = 1001083669 bytes; .nhr file = 9908040 bytes)
Formatted 303645 sequences in volume 0
Version 2.2.26 [Sep-21-2011]
Started database file "tmp.dat"
Formatted 457661 sequences in volume 1
SUCCESS: formatted database tmp.dat

========================[ Apr 20, 2015  2:11 PM ]========================
Version 2.2.26 [Sep-21-2011]
Started database file "tmp.dat"
Closing volume tmp.dat with 303645 sequences, 3,999,896,659 letters(.nsq file = 1001083669 bytes; .nhr file = 9908040 bytes)
Formatted 303645 sequences in volume 0
Version 2.2.26 [Sep-21-2011]
Started database file "tmp.dat"
Formatted 457661 sequences in volume 1
SUCCESS: formatted database tmp.dat

========================[ Apr 20, 2015  3:59 PM ]========================
Version 2.2.26 [Sep-21-2011]
Started database file "tmp.dat"
Closing volume tmp.dat with 303645 sequences, 3,999,896,659 letters(.nsq file = 1001083669 bytes; .nhr file = 9908040 bytes)
Formatted 303645 sequences in volume 0
Version 2.2.26 [Sep-21-2011]
Started database file "tmp.dat"
Formatted 457661 sequences in volume 1
SUCCESS: formatted database tmp.dat
